{"name": "test_login_with_valid_credentials[ujjwalsampleone@gmail.com-passwordone]", "status": "broken", "statusDetails": {"message": "selenium.common.exceptions.NoSuchElementException: Message: no such element: Unable to locate element: {\"method\":\"xpath\",\"selector\":\"//h2[normalize-space()='My Account']\"}\n  (Session info: chrome=135.0.7049.116); For documentation on this error, please visit: https://www.selenium.dev/documentation/webdriver/troubleshooting/errors#no-such-element-exception\nStacktrace:\n\tGetHandleVerifier [0x00007FF7B1B1EFA5+77893]\n\tGetHandleVerifier [0x00007FF7B1B1F000+77984]\n\t(No symbol) [0x00007FF7B18E91BA]\n\t(No symbol) [0x00007FF7B193F16D]\n\t(No symbol) [0x00007FF7B193F41C]\n\t(No symbol) [0x00007FF7B1992237]\n\t(No symbol) [0x00007FF7B196716F]\n\t(No symbol) [0x00007FF7B198F07F]\n\t(No symbol) [0x00007FF7B1966F03]\n\t(No symbol) [0x00007FF7B1930328]\n\t(No symbol) [0x00007FF7B1931093]\n\tGetHandleVerifier [0x00007FF7B1DD7B6D+2931725]\n\tGetHandleVerifier [0x00007FF7B1DD2132+2908626]\n\tGetHandleVerifier [0x00007FF7B1DF00F3+3031443]\n\tGetHandleVerifier [0x00007FF7B1B391EA+184970]\n\tGetHandleVerifier [0x00007FF7B1B4086F+215311]\n\tGetHandleVerifier [0x00007FF7B1B26EC4+110436]\n\tGetHandleVerifier [0x00007FF7B1B27072+110866]\n\tGetHandleVerifier [0x00007FF7B1B0D479+5401]\n\tBaseThreadInitThunk [0x00007FF821F27374+20]\n\tRtlUserThreadStart [0x00007FF82237CC91+33]", "trace": "self = <test_cases.test_login.TestLogin object at 0x00000178037774D0>, valid_email = 'ujjwalsampleone@gmail.com', password = 'passwordone'\n\n    @pytest.mark.parametrize(\"valid_email,password\",ExcelUtils.get_data_from_excel(\"ExcelFiles/tutorialninja.xlsx\",\"LoginCred\"))\n    def test_login_with_valid_credentials(self,valid_email,password):\n        home_page = HomePage(self.driver)\n        home_page.login()\n        login_page = LoginPage(self.driver)\n        login_page.valid_login(valid_email,password)\n        account_page = AccountPage(self.driver)\n>       assert account_page.validate_my_account_text()\n\ntest_cases\\test_login.py:22: \n_ _ _ _ _ _ _ _ _ _ _ _ _ _ _ _ _ _ _ _ _ _ _ _ _ _ _ _ _ _ _ _ _ _ _ _ _ _ _ _ _ _ _ _ _ _ _ _ _ _ _ _ _ _ _ _ _ _ _ _ _ _ _ _ _ _ _ _ _ _ _ _ _ _ _ _ _ _ _ _ _ _ _ _ _ _ _ _ _ _\nbase_pages\\AccountPage.py:12: in validate_my_account_text\n    return self.driver.find_element(By.XPATH,self.my_account_xpath).is_displayed()\nvenv\\Lib\\site-packages\\selenium\\webdriver\\remote\\webdriver.py:898: in find_element\n    return self.execute(Command.FIND_ELEMENT, {\"using\": by, \"value\": value})[\"value\"]\nvenv\\Lib\\site-packages\\selenium\\webdriver\\remote\\webdriver.py:429: in execute\n    self.error_handler.check_response(response)\n_ _ _ _ _ _ _ _ _ _ _ _ _ _ _ _ _ _ _ _ _ _ _ _ _ _ _ _ _ _ _ _ _ _ _ _ _ _ _ _ _ _ _ _ _ _ _ _ _ _ _ _ _ _ _ _ _ _ _ _ _ _ _ _ _ _ _ _ _ _ _ _ _ _ _ _ _ _ _ _ _ _ _ _ _ _ _ _ _ _\n\nself = <selenium.webdriver.remote.errorhandler.ErrorHandler object at 0x00000178034D0F50>\nresponse = {'status': 404, 'value': '{\"value\":{\"error\":\"no such element\",\"message\":\"no such element: Unable to locate element: {\\...B1B0D479+5401]\\\\n\\\\tBaseThreadInitThunk [0x00007FF821F27374+20]\\\\n\\\\tRtlUserThreadStart [0x00007FF82237CC91+33]\\\\n\"}}'}\n\n    def check_response(self, response: Dict[str, Any]) -> None:\n        \"\"\"Checks that a JSON response from the WebDriver does not have an\n        error.\n    \n        :Args:\n         - response - The JSON response from the WebDriver server as a dictionary\n           object.\n    \n        :Raises: If the response contains an error message.\n        \"\"\"\n        status = response.get(\"status\", None)\n        if not status or status == ErrorCode.SUCCESS:\n            return\n        value = None\n        message = response.get(\"message\", \"\")\n        screen: str = response.get(\"screen\", \"\")\n        stacktrace = None\n        if isinstance(status, int):\n            value_json = response.get(\"value\", None)\n            if value_json and isinstance(value_json, str):\n                import json\n    \n                try:\n                    value = json.loads(value_json)\n                    if len(value) == 1:\n                        value = value[\"value\"]\n                    status = value.get(\"error\", None)\n                    if not status:\n                        status = value.get(\"status\", ErrorCode.UNKNOWN_ERROR)\n                        message = value.get(\"value\") or value.get(\"message\")\n                        if not isinstance(message, str):\n                            value = message\n                            message = message.get(\"message\")\n                    else:\n                        message = value.get(\"message\", None)\n                except ValueError:\n                    pass\n    \n        exception_class: Type[WebDriverException]\n        e = ErrorCode()\n        error_codes = [item for item in dir(e) if not item.startswith(\"__\")]\n        for error_code in error_codes:\n            error_info = getattr(ErrorCode, error_code)\n            if isinstance(error_info, list) and status in error_info:\n                exception_class = getattr(ExceptionMapping, error_code, WebDriverException)\n                break\n        else:\n            exception_class = WebDriverException\n    \n        if not value:\n            value = response[\"value\"]\n        if isinstance(value, str):\n            raise exception_class(value)\n        if message == \"\" and \"message\" in value:\n            message = value[\"message\"]\n    \n        screen = None  # type: ignore[assignment]\n        if \"screen\" in value:\n            screen = value[\"screen\"]\n    \n        stacktrace = None\n        st_value = value.get(\"stackTrace\") or value.get(\"stacktrace\")\n        if st_value:\n            if isinstance(st_value, str):\n                stacktrace = st_value.split(\"\\n\")\n            else:\n                stacktrace = []\n                try:\n                    for frame in st_value:\n                        line = frame.get(\"lineNumber\", \"\")\n                        file = frame.get(\"fileName\", \"<anonymous>\")\n                        if line:\n                            file = f\"{file}:{line}\"\n                        meth = frame.get(\"methodName\", \"<anonymous>\")\n                        if \"className\" in frame:\n                            meth = f\"{frame['className']}.{meth}\"\n                        msg = \"    at %s (%s)\"\n                        msg = msg % (meth, file)\n                        stacktrace.append(msg)\n                except TypeError:\n                    pass\n        if exception_class == UnexpectedAlertPresentException:\n            alert_text = None\n            if \"data\" in value:\n                alert_text = value[\"data\"].get(\"text\")\n            elif \"alert\" in value:\n                alert_text = value[\"alert\"].get(\"text\")\n            raise exception_class(message, screen, stacktrace, alert_text)  # type: ignore[call-arg]  # mypy is not smart enough here\n>       raise exception_class(message, screen, stacktrace)\nE       selenium.common.exceptions.NoSuchElementException: Message: no such element: Unable to locate element: {\"method\":\"xpath\",\"selector\":\"//h2[normalize-space()='My Account']\"}\nE         (Session info: chrome=135.0.7049.116); For documentation on this error, please visit: https://www.selenium.dev/documentation/webdriver/troubleshooting/errors#no-such-element-exception\nE       Stacktrace:\nE       \tGetHandleVerifier [0x00007FF7B1B1EFA5+77893]\nE       \tGetHandleVerifier [0x00007FF7B1B1F000+77984]\nE       \t(No symbol) [0x00007FF7B18E91BA]\nE       \t(No symbol) [0x00007FF7B193F16D]\nE       \t(No symbol) [0x00007FF7B193F41C]\nE       \t(No symbol) [0x00007FF7B1992237]\nE       \t(No symbol) [0x00007FF7B196716F]\nE       \t(No symbol) [0x00007FF7B198F07F]\nE       \t(No symbol) [0x00007FF7B1966F03]\nE       \t(No symbol) [0x00007FF7B1930328]\nE       \t(No symbol) [0x00007FF7B1931093]\nE       \tGetHandleVerifier [0x00007FF7B1DD7B6D+2931725]\nE       \tGetHandleVerifier [0x00007FF7B1DD2132+2908626]\nE       \tGetHandleVerifier [0x00007FF7B1DF00F3+3031443]\nE       \tGetHandleVerifier [0x00007FF7B1B391EA+184970]\nE       \tGetHandleVerifier [0x00007FF7B1B4086F+215311]\nE       \tGetHandleVerifier [0x00007FF7B1B26EC4+110436]\nE       \tGetHandleVerifier [0x00007FF7B1B27072+110866]\nE       \tGetHandleVerifier [0x00007FF7B1B0D479+5401]\nE       \tBaseThreadInitThunk [0x00007FF821F27374+20]\nE       \tRtlUserThreadStart [0x00007FF82237CC91+33]\n\nvenv\\Lib\\site-packages\\selenium\\webdriver\\remote\\errorhandler.py:232: NoSuchElementException"}, "parameters": [{"name": "valid_email", "value": "'ujjwalsampleone@gmail.com'"}, {"name": "password", "value": "'passwordone'"}], "start": 1746691071891, "stop": 1746691073120, "uuid": "313e161a-0abd-460c-8270-446714573cf5", "historyId": "b8b364bceec3b369589989fc571fabe1", "testCaseId": "5dd5acffe31bd315f550f9b762df28ff", "fullName": "test_cases.test_login.TestLogin#test_login_with_valid_credentials", "labels": [{"name": "tag", "value": "@pytest.mark.usefixtures('setup_and_teardown')"}, {"name": "parentSuite", "value": "test_cases"}, {"name": "suite", "value": "test_login"}, {"name": "subSuite", "value": "TestLogin"}, {"name": "host", "value": "DESKTOP-L6OISTP"}, {"name": "thread", "value": "11364-MainThread"}, {"name": "framework", "value": "pytest"}, {"name": "language", "value": "cpython3"}, {"name": "package", "value": "test_cases.test_login"}]}